Loaded: /opt/homebrew/Cellar/spim/9.1.24/share/exceptions.s
Loaded: /opt/homebrew/Cellar/spim/9.1.24/share/exceptions.s
(spim) Loaded: /opt/homebrew/Cellar/spim/9.1.24/share/exceptions.s
The following symbols are undefined:
main

Loaded: /opt/homebrew/Cellar/spim/9.1.24/share/exceptions.s
The following symbols are undefined:
main

Loaded: /opt/homebrew/Cellar/spim/9.1.24/share/exceptions.s
The following symbols are undefined:
main

Loaded: /opt/homebrew/Cellar/spim/9.1.24/share/exceptions.s
The following symbols are undefined:
main

Loaded: /opt/homebrew/Cellar/spim/9.1.24/share/exceptions.s
The following symbols are undefined:
main

Loaded: /opt/homebrew/Cellar/spim/9.1.24/share/exceptions.s
The following symbols are undefined:
main

Loaded: /opt/homebrew/Cellar/spim/9.1.24/share/exceptions.s
The following symbols are undefined:
main

Loaded: /opt/homebrew/Cellar/spim/9.1.24/share/exceptions.s
The following symbols are undefined:
main

Loaded: /opt/homebrew/Cellar/spim/9.1.24/share/exceptions.s
1
268500992
Loaded: /opt/homebrew/Cellar/spim/9.1.24/share/exceptions.s
1
268500992
Loaded: /opt/homebrew/Cellar/spim/9.1.24/share/exceptions.s
1
268500992
Loaded: /opt/homebrew/Cellar/spim/9.1.24/share/exceptions.s
1
268500992
Loaded: /opt/homebrew/Cellar/spim/9.1.24/share/exceptions.s
1
268500992
Loaded: /opt/homebrew/Cellar/spim/9.1.24/share/exceptions.s
1
268500992
Loaded: /opt/homebrew/Cellar/spim/9.1.24/share/exceptions.s
1
268500992
Loaded: /opt/homebrew/Cellar/spim/9.1.24/share/exceptions.s
1
268500992
Loaded: /opt/homebrew/Cellar/spim/9.1.24/share/exceptions.s
The following symbols are undefined:
main

Loaded: /opt/homebrew/Cellar/spim/9.1.24/share/exceptions.s
The following symbols are undefined:
main

Loaded: /opt/homebrew/Cellar/spim/9.1.24/share/exceptions.s
The following symbols are undefined:
main

Loaded: /opt/homebrew/Cellar/spim/9.1.24/share/exceptions.s
The following symbols are undefined:
main

Loaded: /opt/homebrew/Cellar/spim/9.1.24/share/exceptions.s
The following symbols are undefined:
main

Loaded: /opt/homebrew/Cellar/spim/9.1.24/share/exceptions.s
The following symbols are undefined:
main

Loaded: /opt/homebrew/Cellar/spim/9.1.24/share/exceptions.s
The following symbols are undefined:
main

Loaded: /opt/homebrew/Cellar/spim/9.1.24/share/exceptions.s
The following symbols are undefined:
main

Loaded: /opt/homebrew/Cellar/spim/9.1.24/share/exceptions.s
The following symbols are undefined:
main

Loaded: /opt/homebrew/Cellar/spim/9.1.24/share/exceptions.s
The following symbols are undefined:
main

Loaded: /opt/homebrew/Cellar/spim/9.1.24/share/exceptions.s
The following symbols are undefined:
main

Loaded: /opt/homebrew/Cellar/spim/9.1.24/share/exceptions.s
The following symbols are undefined:
main

Loaded: /opt/homebrew/Cellar/spim/9.1.24/share/exceptions.s
The following symbols are undefined:
main

Loaded: /opt/homebrew/Cellar/spim/9.1.24/share/exceptions.s
The following symbols are undefined:
main

Loaded: /opt/homebrew/Cellar/spim/9.1.24/share/exceptions.s
The following symbols are undefined:
main

Loaded: /opt/homebrew/Cellar/spim/9.1.24/share/exceptions.s
The following symbols are undefined:
main

Loaded: /opt/homebrew/Cellar/spim/9.1.24/share/exceptions.s
The following symbols are undefined:
main

Loaded: /opt/homebrew/Cellar/spim/9.1.24/share/exceptions.s
The following symbols are undefined:
main

Loaded: /opt/homebrew/Cellar/spim/9.1.24/share/exceptions.s
The following symbols are undefined:
main

Loaded: /opt/homebrew/Cellar/spim/9.1.24/share/exceptions.s
The following symbols are undefined:
main

Loaded: /opt/homebrew/Cellar/spim/9.1.24/share/exceptions.s
The following symbols are undefined:
main

Loaded: /opt/homebrew/Cellar/spim/9.1.24/share/exceptions.s
The following symbols are undefined:
main

Loaded: /opt/homebrew/Cellar/spim/9.1.24/share/exceptions.s
The following symbols are undefined:
main

Loaded: /opt/homebrew/Cellar/spim/9.1.24/share/exceptions.s
The following symbols are undefined:
main

Loaded: /opt/homebrew/Cellar/spim/9.1.24/share/exceptions.s
The following symbols are undefined:
main

Loaded: /opt/homebrew/Cellar/spim/9.1.24/share/exceptions.s
The following symbols are undefined:
main

Loaded: /opt/homebrew/Cellar/spim/9.1.24/share/exceptions.s
The following symbols are undefined:
main

Loaded: /opt/homebrew/Cellar/spim/9.1.24/share/exceptions.s
The following symbols are undefined:
main

Loaded: /opt/homebrew/Cellar/spim/9.1.24/share/exceptions.s
The following symbols are undefined:
main

Loaded: /opt/homebrew/Cellar/spim/9.1.24/share/exceptions.s
The following symbols are undefined:
main

Loaded: /opt/homebrew/Cellar/spim/9.1.24/share/exceptions.s
The following symbols are undefined:
main

Loaded: /opt/homebrew/Cellar/spim/9.1.24/share/exceptions.s
The following symbols are undefined:
main

Loaded: /opt/homebrew/Cellar/spim/9.1.24/share/exceptions.s
1
2
114514
Loaded: /opt/homebrew/Cellar/spim/9.1.24/share/exceptions.s
114
514
628
-400
58596
0
Loaded: /opt/homebrew/Cellar/spim/9.1.24/share/exceptions.s
626
2
624
Loaded: /opt/homebrew/Cellar/spim/9.1.24/share/exceptions.s
114
514
0
Loaded: /opt/homebrew/Cellar/spim/9.1.24/share/exceptions.s
626
2
624
Loaded: /opt/homebrew/Cellar/spim/9.1.24/share/exceptions.s
626
2
624
Loaded: /opt/homebrew/Cellar/spim/9.1.24/share/exceptions.s
114
514
114
114
0
Loaded: /opt/homebrew/Cellar/spim/9.1.24/share/exceptions.s
114
514
1
1
0
0
1
0
Loaded: /opt/homebrew/Cellar/spim/9.1.24/share/exceptions.s
1
2
114514
Loaded: /opt/homebrew/Cellar/spim/9.1.24/share/exceptions.s
114
514
628
-400
58596
0
Loaded: /opt/homebrew/Cellar/spim/9.1.24/share/exceptions.s
626
2
624
Loaded: /opt/homebrew/Cellar/spim/9.1.24/share/exceptions.s
114
514
0
Loaded: /opt/homebrew/Cellar/spim/9.1.24/share/exceptions.s
626
2
624
Loaded: /opt/homebrew/Cellar/spim/9.1.24/share/exceptions.s
626
2
624
Loaded: /opt/homebrew/Cellar/spim/9.1.24/share/exceptions.s
114
514
114
114
0
Loaded: /opt/homebrew/Cellar/spim/9.1.24/share/exceptions.s
114
514
1
1
0
0
1
0
Loaded: /opt/homebrew/Cellar/spim/9.1.24/share/exceptions.s
1
2
114514
Loaded: /opt/homebrew/Cellar/spim/9.1.24/share/exceptions.s
114
514
628
-400
58596
0
Loaded: /opt/homebrew/Cellar/spim/9.1.24/share/exceptions.s
626
2
624
Loaded: /opt/homebrew/Cellar/spim/9.1.24/share/exceptions.s
114
514
0
Loaded: /opt/homebrew/Cellar/spim/9.1.24/share/exceptions.s
626
2
624
Loaded: /opt/homebrew/Cellar/spim/9.1.24/share/exceptions.s
626
2
624
Loaded: /opt/homebrew/Cellar/spim/9.1.24/share/exceptions.s
114
514
114
114
0
Loaded: /opt/homebrew/Cellar/spim/9.1.24/share/exceptions.s
114
514
1
1
0
0
1
0
Loaded: /opt/homebrew/Cellar/spim/9.1.24/share/exceptions.s
1
2
114514
Loaded: /opt/homebrew/Cellar/spim/9.1.24/share/exceptions.s
114
514
628
-400
58596
0
Loaded: /opt/homebrew/Cellar/spim/9.1.24/share/exceptions.s
626
2
624
Loaded: /opt/homebrew/Cellar/spim/9.1.24/share/exceptions.s
114
514
0
Loaded: /opt/homebrew/Cellar/spim/9.1.24/share/exceptions.s
626
2
624
Loaded: /opt/homebrew/Cellar/spim/9.1.24/share/exceptions.s
626
2
624
Loaded: /opt/homebrew/Cellar/spim/9.1.24/share/exceptions.s
114
514
114
114
0
Loaded: /opt/homebrew/Cellar/spim/9.1.24/share/exceptions.s
114
514
1
1
0
0
1
0
Loaded: /opt/homebrew/Cellar/spim/9.1.24/share/exceptions.s
1
2
114514
Loaded: /opt/homebrew/Cellar/spim/9.1.24/share/exceptions.s
114
514
628
-400
58596
0
Loaded: /opt/homebrew/Cellar/spim/9.1.24/share/exceptions.s
626
2
624
Loaded: /opt/homebrew/Cellar/spim/9.1.24/share/exceptions.s
114
514
0
Loaded: /opt/homebrew/Cellar/spim/9.1.24/share/exceptions.s
626
2
624
Loaded: /opt/homebrew/Cellar/spim/9.1.24/share/exceptions.s
626
2
624
Loaded: /opt/homebrew/Cellar/spim/9.1.24/share/exceptions.s
114
514
114
114
0
Loaded: /opt/homebrew/Cellar/spim/9.1.24/share/exceptions.s
114
514
1
1
0
0
1
0
Loaded: /opt/homebrew/Cellar/spim/9.1.24/share/exceptions.s
1
2
114514
Loaded: /opt/homebrew/Cellar/spim/9.1.24/share/exceptions.s
114
514
628
-400
58596
0
Loaded: /opt/homebrew/Cellar/spim/9.1.24/share/exceptions.s
626
2
624
Loaded: /opt/homebrew/Cellar/spim/9.1.24/share/exceptions.s
114
514
0
Loaded: /opt/homebrew/Cellar/spim/9.1.24/share/exceptions.s
626
2
624
Loaded: /opt/homebrew/Cellar/spim/9.1.24/share/exceptions.s
626
2
624
Loaded: /opt/homebrew/Cellar/spim/9.1.24/share/exceptions.s
114
514
114
114
0
Loaded: /opt/homebrew/Cellar/spim/9.1.24/share/exceptions.s
114
514
1
1
0
0
1
0
Loaded: /opt/homebrew/Cellar/spim/9.1.24/share/exceptions.s
