Loaded: /opt/homebrew/Cellar/spim/9.1.24/share/exceptions.s
1
2
114514
Loaded: /opt/homebrew/Cellar/spim/9.1.24/share/exceptions.s
The following symbols are undefined:
main

Loaded: /opt/homebrew/Cellar/spim/9.1.24/share/exceptions.s
1
2
3
Loaded: /opt/homebrew/Cellar/spim/9.1.24/share/exceptions.s
117192
Loaded: /opt/homebrew/Cellar/spim/9.1.24/share/exceptions.s
1
2
114514
Loaded: /opt/homebrew/Cellar/spim/9.1.24/share/exceptions.s
114
514
514
514
514
514
514
514
514
514
114514
Loaded: /opt/homebrew/Cellar/spim/9.1.24/share/exceptions.s
1
2
3
Loaded: /opt/homebrew/Cellar/spim/9.1.24/share/exceptions.s
117192
